[codecarbon WARNING @ 22:25:26] Multiple instances of codecarbon are allowed to run at the same time.
HAVOC TSV row 4293: expected 3 fields, got 4; reconstructed suffix by joining middle fields.
HAVOC TSV row 7058: expected 3 fields, got 2; using empty label.
Duplicate key(s) found in model evaluations: 256 duplicates; kept first occurrence for deterministic matching.
No matching model evaluation found for sample with prefix: David Beckham sheet sheet Manchester United , Engl... and suffix:  Damn c* soccer * t back- heels then damn Argie di...
No matching model evaluation found for sample with prefix: This cleanse set recommends replacing all meals fo... and suffix: ['none', 'none', 'none', 'none', 'intent']...
WARNING:root:Falling back to index-based matching for 2 unmatched samples. This assumes files are in identical order.
[codecarbon WARNING @ 22:25:34] Multiple instances of codecarbon are allowed to run at the same time.
HAVOC TSV row 4293: expected 3 fields, got 4; reconstructed suffix by joining middle fields.
HAVOC TSV row 7058: expected 3 fields, got 2; using empty label.
Duplicate key(s) found in model evaluations: 256 duplicates; kept first occurrence for deterministic matching.
No matching model evaluation found for sample with prefix: David Beckham sheet sheet Manchester United , Engl... and suffix:  Damn c* soccer * t back- heels then damn Argie di...
No matching model evaluation found for sample with prefix: This cleanse set recommends replacing all meals fo... and suffix: ['none', 'none', 'none', 'none', 'intent']...
WARNING:root:Falling back to index-based matching for 2 unmatched samples. This assumes files are in identical order.
[codecarbon WARNING @ 22:25:42] Multiple instances of codecarbon are allowed to run at the same time.
HAVOC TSV row 4293: expected 3 fields, got 4; reconstructed suffix by joining middle fields.
HAVOC TSV row 7058: expected 3 fields, got 2; using empty label.
Duplicate key(s) found in model evaluations: 256 duplicates; kept first occurrence for deterministic matching.
No matching model evaluation found for sample with prefix: David Beckham sheet sheet Manchester United , Engl... and suffix:  Damn c* soccer * t back- heels then damn Argie di...
No matching model evaluation found for sample with prefix: This cleanse set recommends replacing all meals fo... and suffix: ['none', 'none', 'none', 'none', 'intent']...
WARNING:root:Falling back to index-based matching for 2 unmatched samples. This assumes files are in identical order.
[codecarbon WARNING @ 22:25:50] Multiple instances of codecarbon are allowed to run at the same time.
HAVOC TSV row 4293: expected 3 fields, got 4; reconstructed suffix by joining middle fields.
HAVOC TSV row 7058: expected 3 fields, got 2; using empty label.
Duplicate key(s) found in model evaluations: 256 duplicates; kept first occurrence for deterministic matching.
No matching model evaluation found for sample with prefix: David Beckham sheet sheet Manchester United , Engl... and suffix:  Damn c* soccer * t back- heels then damn Argie di...
No matching model evaluation found for sample with prefix: This cleanse set recommends replacing all meals fo... and suffix: ['none', 'none', 'none', 'none', 'intent']...
WARNING:root:Falling back to index-based matching for 2 unmatched samples. This assumes files are in identical order.
[codecarbon WARNING @ 22:25:57] Multiple instances of codecarbon are allowed to run at the same time.
HAVOC TSV row 4293: expected 3 fields, got 4; reconstructed suffix by joining middle fields.
HAVOC TSV row 7058: expected 3 fields, got 2; using empty label.
Duplicate key(s) found in model evaluations: 256 duplicates; kept first occurrence for deterministic matching.
No matching model evaluation found for sample with prefix: David Beckham sheet sheet Manchester United , Engl... and suffix:  Damn c* soccer * t back- heels then damn Argie di...
No matching model evaluation found for sample with prefix: This cleanse set recommends replacing all meals fo... and suffix: ['none', 'none', 'none', 'none', 'intent']...
WARNING:root:Falling back to index-based matching for 2 unmatched samples. This assumes files are in identical order.
[codecarbon WARNING @ 22:26:05] Multiple instances of codecarbon are allowed to run at the same time.
HAVOC TSV row 4293: expected 3 fields, got 4; reconstructed suffix by joining middle fields.
HAVOC TSV row 7058: expected 3 fields, got 2; using empty label.
Duplicate key(s) found in model evaluations: 256 duplicates; kept first occurrence for deterministic matching.
No matching model evaluation found for sample with prefix: David Beckham sheet sheet Manchester United , Engl... and suffix:  Damn c* soccer * t back- heels then damn Argie di...
No matching model evaluation found for sample with prefix: This cleanse set recommends replacing all meals fo... and suffix: ['none', 'none', 'none', 'none', 'intent']...
WARNING:root:Falling back to index-based matching for 2 unmatched samples. This assumes files are in identical order.
